[0.024s] Invoking command in '/home/rhys/ws_snow/build/snow_con_rt': CMAKE_PREFIX_PATH=${CMAKE_PREFIX_PATH}:/opt/ros/humble /usr/bin/cmake --build /home/rhys/ws_snow/build/snow_con_rt -- -j12 -l12
[0.058s] [35m[1mConsolidate compiler generated dependencies of target listener[0m
[0.074s] [ 20%] [32mBuilding CXX object CMakeFiles/listener.dir/src/main.cpp.o[0m
[1.896s] [01m[K/home/rhys/ws_snow/src/snow_con_rt/src/main.cpp:[m[K In member function â€˜[01m[Kvoid MinimalSubscriber::topic_callback(sensor_msgs::msg::JointState_<std::allocator<void> >::SharedPtr)[m[Kâ€™:
[1.896s] [01m[K/home/rhys/ws_snow/src/snow_con_rt/src/main.cpp:292:9:[m[K [01;31m[Kerror: [m[Kâ€˜[01m[KcVwheelRotate[m[Kâ€™ was not declared in this scope
[1.896s]   292 |         [01;31m[KcVwheelRotate[m[K =  0.4;//.3; //0.0166667;
[1.896s]       |         [01;31m[K^~~~~~~~~~~~~[m[K
[1.902s] [01m[K/home/rhys/ws_snow/src/snow_con_rt/src/main.cpp:293:9:[m[K [01;31m[Kerror: [m[Kâ€˜[01m[KcPwheelRotate[m[Kâ€™ was not declared in this scope
[1.902s]   293 |         [01;31m[KcPwheelRotate[m[K = 0.1; //2;  //0.1;
[1.902s]       |         [01;31m[K^~~~~~~~~~~~~[m[K
[1.908s] [01m[K/home/rhys/ws_snow/src/snow_con_rt/src/main.cpp:294:9:[m[K [01;31m[Kerror: [m[Kâ€˜[01m[KcVwheelForward[m[Kâ€™ was not declared in this scope
[1.908s]   294 |         [01;31m[KcVwheelForward[m[K = 0.1;//0.05; // 1.0;//0.05;
[1.908s]       |         [01;31m[K^~~~~~~~~~~~~~[m[K
[1.914s] [01m[K/home/rhys/ws_snow/src/snow_con_rt/src/main.cpp:295:9:[m[K [01;31m[Kerror: [m[Kâ€˜[01m[KcPwheelForward[m[Kâ€™ was not declared in this scope
[1.914s]   295 |         [01;31m[KcPwheelForward[m[K = 0.1; //0.2;//0.025;
[1.914s]       |         [01;31m[K^~~~~~~~~~~~~~[m[K
[1.919s] [01m[K/home/rhys/ws_snow/src/snow_con_rt/src/main.cpp:311:11:[m[K [01;31m[Kerror: [m[Kâ€˜[01m[Kvelocity[m[Kâ€™ was not declared in this scope
[1.919s]   311 |           [01;31m[Kvelocity[m[K = 0;
[1.920s]       |           [01;31m[K^~~~~~~~[m[K
[1.923s] [01m[K/home/rhys/ws_snow/src/snow_con_rt/src/main.cpp:312:11:[m[K [01;31m[Kerror: [m[Kâ€˜[01m[Kposition[m[Kâ€™ was not declared in this scope; did you mean â€˜[01m[Kendposition[m[Kâ€™?
[1.924s]   312 |           [01;31m[Kposition[m[K = M_PI/4;
[1.924s]       |           [01;31m[K^~~~~~~~[m[K
[1.924s]       |           [32m[Kendposition[m[K
[1.925s] [01m[K/home/rhys/ws_snow/src/snow_con_rt/src/main.cpp:194:19:[m[K [01;35m[Kwarning: [m[Kunused variable â€˜[01m[Kendposition[m[Kâ€™ [[01;35m[K]8;;https://gcc.gnu.org/onlinedocs/gcc/Warning-Options.html#index-Wunused-variable-Wunused-variable]8;;[m[K]
[1.925s]   194 |     static double [01;35m[Kendposition[m[K = 0;
[1.925s]       |                   [01;35m[K^~~~~~~~~~~[m[K
[3.929s] gmake[2]: *** [CMakeFiles/listener.dir/build.make:76: CMakeFiles/listener.dir/src/main.cpp.o] Error 1
[3.929s] gmake[1]: *** [CMakeFiles/Makefile2:137: CMakeFiles/listener.dir/all] Error 2
[3.929s] gmake: *** [Makefile:134: all] Error 2
[3.932s] Invoked command in '/home/rhys/ws_snow/build/snow_con_rt' returned '2': CMAKE_PREFIX_PATH=${CMAKE_PREFIX_PATH}:/opt/ros/humble /usr/bin/cmake --build /home/rhys/ws_snow/build/snow_con_rt -- -j12 -l12
