[01m[K/home/rhys/ws_snow/src/snow_con_rt/src/main.cpp:[m[K In member function â€˜[01m[Kvoid MinimalSubscriber::getNextStateSign(double*, int, double, double, double)[m[Kâ€™:
[01m[K/home/rhys/ws_snow/src/snow_con_rt/src/main.cpp:209:89:[m[K [01;35m[Kwarning: [m[Kunused parameter â€˜[01m[Kx[m[Kâ€™ [[01;35m[K]8;;https://gcc.gnu.org/onlinedocs/gcc/Warning-Options.html#index-Wunused-parameter-Wunused-parameter]8;;[m[K]
  209 | le *nStateSign, int state, double rotationDirection, [01;35m[Kdouble x[m[K, double y)
      |                                                      [01;35m[K~~~~~~~^[m[K

[01m[K/home/rhys/ws_snow/src/snow_con_rt/src/main.cpp:209:99:[m[K [01;35m[Kwarning: [m[Kunused parameter â€˜[01m[Ky[m[Kâ€™ [[01;35m[K]8;;https://gcc.gnu.org/onlinedocs/gcc/Warning-Options.html#index-Wunused-parameter-Wunused-parameter]8;;[m[K]
  209 | e *nStateSign, int state, double rotationDirection, double x, [01;35m[Kdouble y[m[K)
      |                                                               [01;35m[K~~~~~~~^[m[K

[01m[K/home/rhys/ws_snow/src/snow_con_rt/src/main.cpp:[m[K In member function â€˜[01m[Kbool MinimalSubscriber::moveToAPoint(double, double, double, double*, double*, double*, double, bool, int*, double*, double*, double*)[m[Kâ€™:
[01m[K/home/rhys/ws_snow/src/snow_con_rt/src/main.cpp:543:19:[m[K [01;31m[Kerror: [m[Kdeclaration of â€˜[01m[Kdouble targetVelocity[m[Kâ€™ shadows a parameter
  543 |     static double [01;31m[KtargetVelocity[m[K;
      |                   [01;31m[K^~~~~~~~~~~~~~[m[K
[01m[K/home/rhys/ws_snow/src/snow_con_rt/src/main.cpp:525:14:[m[K [01;36m[Knote: [m[Kâ€˜[01m[Kdouble targetVelocity[m[Kâ€™ previously declared here
  525 |       [01;36m[Kdouble targetVelocity[m[K,
      |       [01;36m[K~~~~~~~^~~~~~~~~~~~~~[m[K
[01m[K/home/rhys/ws_snow/src/snow_con_rt/src/main.cpp:594:21:[m[K [01;31m[Kerror: [m[Kâ€˜[01m[KSTEP3[m[Kâ€™ was not declared in this scope; did you mean â€˜[01m[KSTEPS[m[Kâ€™?
  594 |           path[0] = [01;31m[KSTEP3[m[K;
      |                     [01;31m[K^~~~~[m[K
      |                     [32m[KSTEPS[m[K
[01m[K/home/rhys/ws_snow/src/snow_con_rt/src/main.cpp:595:21:[m[K [01;31m[Kerror: [m[Kâ€˜[01m[KSTEP2[m[Kâ€™ was not declared in this scope; did you mean â€˜[01m[KSTEPS[m[Kâ€™?
  595 |           path[1] = [01;31m[KSTEP2[m[K;
      |                     [01;31m[K^~~~~[m[K
      |                     [32m[KSTEPS[m[K
[01m[K/home/rhys/ws_snow/src/snow_con_rt/src/main.cpp:596:21:[m[K [01;31m[Kerror: [m[Kâ€˜[01m[KSTEP1[m[Kâ€™ was not declared in this scope; did you mean â€˜[01m[KSTEPS[m[Kâ€™?
  596 |           path[2] = [01;31m[KSTEP1[m[K;
      |                     [01;31m[K^~~~~[m[K
      |                     [32m[KSTEPS[m[K
[01m[K/home/rhys/ws_snow/src/snow_con_rt/src/main.cpp:599:21:[m[K [01;31m[Kerror: [m[Kâ€˜[01m[KSTEP3[m[Kâ€™ was not declared in this scope; did you mean â€˜[01m[KSTEPS[m[Kâ€™?
  599 |           path[0] = [01;31m[KSTEP3[m[K;
      |                     [01;31m[K^~~~~[m[K
      |                     [32m[KSTEPS[m[K
[01m[K/home/rhys/ws_snow/src/snow_con_rt/src/main.cpp:600:21:[m[K [01;31m[Kerror: [m[Kâ€˜[01m[KSTEP2[m[Kâ€™ was not declared in this scope; did you mean â€˜[01m[KSTEPS[m[Kâ€™?
  600 |           path[1] = [01;31m[KSTEP2[m[K;
      |                     [01;31m[K^~~~~[m[K
      |                     [32m[KSTEPS[m[K
[01m[K/home/rhys/ws_snow/src/snow_con_rt/src/main.cpp:601:21:[m[K [01;31m[Kerror: [m[Kâ€˜[01m[KSTEP1[m[Kâ€™ was not declared in this scope; did you mean â€˜[01m[KSTEPS[m[Kâ€™?
  601 |           path[2] = [01;31m[KSTEP1[m[K;
      |                     [01;31m[K^~~~~[m[K
      |                     [32m[KSTEPS[m[K
[01m[K/home/rhys/ws_snow/src/snow_con_rt/src/main.cpp:624:9:[m[K [01;31m[Kerror: [m[Kâ€˜[01m[KnStateSign[m[Kâ€™ was not declared in this scope
  624 |         [01;31m[KnStateSign[m[K[0] = 1.0;
      |         [01;31m[K^~~~~~~~~~[m[K
[01m[K/home/rhys/ws_snow/src/snow_con_rt/src/main.cpp:644:9:[m[K [01;31m[Kerror: [m[Kâ€˜[01m[KnStateSign[m[Kâ€™ was not declared in this scope
  644 |         [01;31m[KnStateSign[m[K[0] = 1.0;
      |         [01;31m[K^~~~~~~~~~[m[K
[01m[K/home/rhys/ws_snow/src/snow_con_rt/src/main.cpp:662:9:[m[K [01;31m[Kerror: [m[Kâ€˜[01m[KnStateSign[m[Kâ€™ was not declared in this scope
  662 |         [01;31m[KnStateSign[m[K[0] = rotationDirection;
      |         [01;31m[K^~~~~~~~~~[m[K
[01m[K/home/rhys/ws_snow/src/snow_con_rt/src/main.cpp:531:16:[m[K [01;35m[Kwarning: [m[Kunused variable â€˜[01m[Kquadrant[m[Kâ€™ [[01;35m[K]8;;https://gcc.gnu.org/onlinedocs/gcc/Warning-Options.html#index-Wunused-variable-Wunused-variable]8;;[m[K]
  531 |     static int [01;35m[Kquadrant[m[K = 0;
      |                [01;35m[K^~~~~~~~[m[K
[01m[K/home/rhys/ws_snow/src/snow_con_rt/src/main.cpp:542:19:[m[K [01;35m[Kwarning: [m[Kunused variable â€˜[01m[KtargetPosition[m[Kâ€™ [[01;35m[K]8;;https://gcc.gnu.org/onlinedocs/gcc/Warning-Options.html#index-Wunused-variable-Wunused-variable]8;;[m[K]
  542 |     static double [01;35m[KtargetPosition[m[K;
      |                   [01;35m[K^~~~~~~~~~~~~~[m[K
[01m[K/home/rhys/ws_snow/src/snow_con_rt/src/main.cpp:543:19:[m[K [01;35m[Kwarning: [m[Kunused variable â€˜[01m[KtargetVelocity[m[Kâ€™ [[01;35m[K]8;;https://gcc.gnu.org/onlinedocs/gcc/Warning-Options.html#index-Wunused-variable-Wunused-variable]8;;[m[K]
  543 |     static double [01;35m[KtargetVelocity[m[K;
      |                   [01;35m[K^~~~~~~~~~~~~~[m[K
[01m[K/home/rhys/ws_snow/src/snow_con_rt/src/main.cpp:525:14:[m[K [01;35m[Kwarning: [m[Kunused parameter â€˜[01m[KtargetVelocity[m[Kâ€™ [[01;35m[K]8;;https://gcc.gnu.org/onlinedocs/gcc/Warning-Options.html#index-Wunused-parameter-Wunused-parameter]8;;[m[K]
  525 |       [01;35m[Kdouble targetVelocity[m[K,
      |       [01;35m[K~~~~~~~^~~~~~~~~~~~~~[m[K
[01m[K/home/rhys/ws_snow/src/snow_con_rt/src/main.cpp:526:29:[m[K [01;35m[Kwarning: [m[Kunused parameter â€˜[01m[KvArm[m[Kâ€™ [[01;35m[K]8;;https://gcc.gnu.org/onlinedocs/gcc/Warning-Options.html#index-Wunused-parameter-Wunused-parameter]8;;[m[K]
  526 |       double *pArm, [01;35m[Kdouble *vArm[m[K, double *uArm,
      |                     [01;35m[K~~~~~~~~^~~~[m[K
[01m[K/home/rhys/ws_snow/src/snow_con_rt/src/main.cpp:528:12:[m[K [01;35m[Kwarning: [m[Kunused parameter â€˜[01m[Kpos[m[Kâ€™ [[01;35m[K]8;;https://gcc.gnu.org/onlinedocs/gcc/Warning-Options.html#index-Wunused-parameter-Wunused-parameter]8;;[m[K]
  528 |       [01;35m[Kint *pos[m[K,
      |       [01;35m[K~~~~~^~~[m[K
[01m[K/home/rhys/ws_snow/src/snow_con_rt/src/main.cpp:[m[K In member function â€˜[01m[Kvoid MinimalSubscriber::topic_callback(sensor_msgs::msg::JointState_<std::allocator<void> >::SharedPtr)[m[Kâ€™:
[01m[K/home/rhys/ws_snow/src/snow_con_rt/src/main.cpp:789:12:[m[K [01;35m[Kwarning: [m[Kenumeration value â€˜[01m[KSTEP7[m[Kâ€™ not handled in switch [[01;35m[K]8;;https://gcc.gnu.org/onlinedocs/gcc/Warning-Options.html#index-Wswitch-Wswitch]8;;[m[K]
  789 |     switch [01;35m[K([m[KpState)
      |            [01;35m[K^[m[K
[01m[K/home/rhys/ws_snow/src/snow_con_rt/src/main.cpp:789:12:[m[K [01;35m[Kwarning: [m[Kenumeration value â€˜[01m[KSTEP8[m[Kâ€™ not handled in switch [[01;35m[K]8;;https://gcc.gnu.org/onlinedocs/gcc/Warning-Options.html#index-Wswitch-Wswitch]8;;[m[K]
[01m[K/home/rhys/ws_snow/src/snow_con_rt/src/main.cpp:789:12:[m[K [01;35m[Kwarning: [m[Kenumeration value â€˜[01m[KSTEP9[m[Kâ€™ not handled in switch [[01;35m[K]8;;https://gcc.gnu.org/onlinedocs/gcc/Warning-Options.html#index-Wswitch-Wswitch]8;;[m[K]
gmake[2]: *** [CMakeFiles/listener.dir/build.make:76: CMakeFiles/listener.dir/src/main.cpp.o] Error 1
gmake[1]: *** [CMakeFiles/Makefile2:137: CMakeFiles/listener.dir/all] Error 2
gmake: *** [Makefile:134: all] Error 2
