[35m[1mConsolidate compiler generated dependencies of target listener[0m
[ 20%] [32mBuilding CXX object CMakeFiles/listener.dir/src/main.cpp.o[0m
[01m[K/home/rhys/ws_snow/src/snow_con_rt/src/main.cpp:[m[K In member function â€˜[01m[Kbool MinimalSubscriber::swivel(double*, double*, double*, double, double*, double*, double*, double, double, bool, double*)[m[Kâ€™:
[01m[K/home/rhys/ws_snow/src/snow_con_rt/src/main.cpp:521:8:[m[K [01;31m[Kerror: [m[Kâ€˜[01m[KX[m[Kâ€™ was not declared in this scope
  521 |       {[01;31m[KX[m[K
      |        [01;31m[K^[m[K
[01m[K/home/rhys/ws_snow/src/snow_con_rt/src/main.cpp:[m[K In member function â€˜[01m[Kbool MinimalSubscriber::moveRobot(double*, double*, double*, double*, double, double*, double*, double*, double*, double, double, bool)[m[Kâ€™:
[01m[K/home/rhys/ws_snow/src/snow_con_rt/src/main.cpp:678:25:[m[K [01;35m[Kwarning: [m[Kformat â€˜[01m[K%f[m[Kâ€™ expects argument of type â€˜[01m[Kdouble[m[Kâ€™, but argument 3 has type â€˜[01m[Kdouble*[m[Kâ€™ [[01;35m[K]8;;https://gcc.gnu.org/onlinedocs/gcc/Warning-Options.html#index-Wformat=-Wformat=]8;;[m[K]
  678 |     printf("ct=%.2f ta=[01;35m[K%f[m[K  ", currentTime, [32m[KtargetAngle[m[K);
      |                        [01;35m[K~^[m[K                  [32m[K~~~~~~~~~~~[m[K
      |                         [01;35m[K|[m[K                  [32m[K|[m[K
      |                         [01;35m[Kdouble[m[K             [32m[Kdouble*[m[K
[01m[K/home/rhys/ws_snow/src/snow_con_rt/src/main.cpp:[m[K In member function â€˜[01m[Kbool MinimalSubscriber::moveToAPoint(double, double, double, double, double, double*, double*, double*, double*, double, bool, double*, double*, double*, double*, double*)[m[Kâ€™:
[01m[K/home/rhys/ws_snow/src/snow_con_rt/src/main.cpp:907:53:[m[K [01;31m[Kerror: [m[Kcannot convert â€˜[01m[Kdouble[m[Kâ€™ to â€˜[01m[Kdouble*[m[Kâ€™
  907 |       if (moveRobot(s, v, pArm, uArm, t, d, pWheel, [01;31m[KtargetAngle[m[K, vArm, targetPosition, targetVelocity, isHardcon))
      |                                                     [01;31m[K^~~~~~~~~~~[m[K
      |                                                     [01;31m[K|[m[K
      |                                                     [01;31m[Kdouble[m[K
[01m[K/home/rhys/ws_snow/src/snow_con_rt/src/main.cpp:622:15:[m[K [01;36m[Knote: [m[K  initializing argument 8 of â€˜[01m[Kbool MinimalSubscriber::moveRobot(double*, double*, double*, double*, double, double*, double*, double*, double*, double, double, bool)[m[Kâ€™
  622 |       [01;36m[Kdouble *targetAngle[m[K,
      |       [01;36m[K~~~~~~~~^~~~~~~~~~~[m[K
[01m[K/home/rhys/ws_snow/src/snow_con_rt/src/main.cpp:947:53:[m[K [01;31m[Kerror: [m[Kcannot convert â€˜[01m[Kdouble[m[Kâ€™ to â€˜[01m[Kdouble*[m[Kâ€™
  947 |       if (moveRobot(s, v, pArm, uArm, t, d, pWheel, [01;31m[KtargetAngle[m[K, vArm, targetPosition, targetVelocity, isHardcon))
      |                                                     [01;31m[K^~~~~~~~~~~[m[K
      |                                                     [01;31m[K|[m[K
      |                                                     [01;31m[Kdouble[m[K
[01m[K/home/rhys/ws_snow/src/snow_con_rt/src/main.cpp:622:15:[m[K [01;36m[Knote: [m[K  initializing argument 8 of â€˜[01m[Kbool MinimalSubscriber::moveRobot(double*, double*, double*, double*, double, double*, double*, double*, double*, double, double, bool)[m[Kâ€™
  622 |       [01;36m[Kdouble *targetAngle[m[K,
      |       [01;36m[K~~~~~~~~^~~~~~~~~~~[m[K
[01m[K/home/rhys/ws_snow/src/snow_con_rt/src/main.cpp:725:16:[m[K [01;35m[Kwarning: [m[Kunused variable â€˜[01m[Kquadrant[m[Kâ€™ [[01;35m[K]8;;https://gcc.gnu.org/onlinedocs/gcc/Warning-Options.html#index-Wunused-variable-Wunused-variable]8;;[m[K]
  725 |     static int [01;35m[Kquadrant[m[K = 0;
      |                [01;35m[K^~~~~~~~[m[K
gmake[2]: *** [CMakeFiles/listener.dir/build.make:76: CMakeFiles/listener.dir/src/main.cpp.o] Error 1
gmake[1]: *** [CMakeFiles/Makefile2:137: CMakeFiles/listener.dir/all] Error 2
gmake: *** [Makefile:134: all] Error 2
