[35m[1mConsolidate compiler generated dependencies of target listener[0m
[ 20%] [32mBuilding CXX object CMakeFiles/listener.dir/src/main.cpp.o[0m
[01m[K/home/rhys/ws_snow/src/snow_con_rt/src/main.cpp:[m[K In member function â€˜[01m[Kbool MinimalSubscriber::moveRobot(double*, double*, double*, double*, double, double*, double*, double, double*, double, double, bool)[m[Kâ€™:
[01m[K/home/rhys/ws_snow/src/snow_con_rt/src/main.cpp:385:7:[m[K [01;31m[Kerror: [m[Kexpected â€˜[01m[K;[m[Kâ€™ before â€˜[01m[KisComplete[m[Kâ€™
  385 |       [01;31m[KisComplete[m[K = true;
      |       [01;31m[K^~~~~~~~~~[m[K
[01m[K/home/rhys/ws_snow/src/snow_con_rt/src/main.cpp:384:30:[m[K [01;35m[Kwarning: [m[Kstatement has no effect [[01;35m[K]8;;https://gcc.gnu.org/onlinedocs/gcc/Warning-Options.html#index-Wunused-value-Wunused-value]8;;[m[K]
  384 |       for (i = 0; i < 4; i++)[01;35m[K0[m[K
      |                              [01;35m[K^[m[K
gmake[2]: *** [CMakeFiles/listener.dir/build.make:76: CMakeFiles/listener.dir/src/main.cpp.o] Error 1
gmake[1]: *** [CMakeFiles/Makefile2:137: CMakeFiles/listener.dir/all] Error 2
gmake: *** [Makefile:134: all] Error 2
