[0.025s] Invoking command in '/home/rhys/ws_snow/build/snow_con_rt': CMAKE_PREFIX_PATH=${CMAKE_PREFIX_PATH}:/opt/ros/humble /usr/bin/cmake --build /home/rhys/ws_snow/build/snow_con_rt -- -j12 -l12
[0.061s] [35m[1mConsolidate compiler generated dependencies of target listener[0m
[0.077s] [ 20%] [32mBuilding CXX object CMakeFiles/listener.dir/src/main.cpp.o[0m
[1.899s] [01m[K/home/rhys/ws_snow/src/snow_con_rt/src/main.cpp:[m[K In member function â€˜[01m[Kbool MinimalSubscriber::moveRobot(double*, double*, double*, double*, double, double*, double*, double, double*, double, double, bool)[m[Kâ€™:
[1.899s] [01m[K/home/rhys/ws_snow/src/snow_con_rt/src/main.cpp:385:7:[m[K [01;31m[Kerror: [m[Kexpected â€˜[01m[K;[m[Kâ€™ before â€˜[01m[KisComplete[m[Kâ€™
[1.900s]   385 |       [01;31m[KisComplete[m[K = true;
[1.900s]       |       [01;31m[K^~~~~~~~~~[m[K
[1.900s] [01m[K/home/rhys/ws_snow/src/snow_con_rt/src/main.cpp:384:30:[m[K [01;35m[Kwarning: [m[Kstatement has no effect [[01;35m[K]8;;https://gcc.gnu.org/onlinedocs/gcc/Warning-Options.html#index-Wunused-value-Wunused-value]8;;[m[K]
[1.900s]   384 |       for (i = 0; i < 4; i++)[01;35m[K0[m[K
[1.900s]       |                              [01;35m[K^[m[K
[3.922s] gmake[2]: *** [CMakeFiles/listener.dir/build.make:76: CMakeFiles/listener.dir/src/main.cpp.o] Error 1
[3.922s] gmake[1]: *** [CMakeFiles/Makefile2:137: CMakeFiles/listener.dir/all] Error 2
[3.923s] gmake: *** [Makefile:134: all] Error 2
[3.925s] Invoked command in '/home/rhys/ws_snow/build/snow_con_rt' returned '2': CMAKE_PREFIX_PATH=${CMAKE_PREFIX_PATH}:/opt/ros/humble /usr/bin/cmake --build /home/rhys/ws_snow/build/snow_con_rt -- -j12 -l12
