[0.027s] Invoking command in '/home/rhys/ws_snow/build/snow_con_rt': CMAKE_PREFIX_PATH=/opt/ros/humble /usr/bin/cmake --build /home/rhys/ws_snow/build/snow_con_rt -- -j12 -l12
[0.086s] [35m[1mConsolidate compiler generated dependencies of target listener[0m
[0.105s] [ 20%] [32mBuilding CXX object CMakeFiles/listener.dir/src/main.cpp.o[0m
[2.047s] [01m[K/home/rhys/ws_snow/src/snow_con_rt/src/main.cpp:[m[K In member function â€˜[01m[Kbool MinimalSubscriber::swivel(double*, double*, double, double*, double*, double*, double, double, bool)[m[Kâ€™:
[2.047s] [01m[K/home/rhys/ws_snow/src/snow_con_rt/src/main.cpp:200:19:[m[K [01;31m[Kerror: [m[Kdeclaration of â€˜[01m[Kdouble a [4][m[Kâ€™ shadows a parameter
[2.047s]   200 |     static double [01;31m[Ka[m[K[4];
[2.047s]       |                   [01;31m[K^[m[K
[2.047s] [01m[K/home/rhys/ws_snow/src/snow_con_rt/src/main.cpp:185:47:[m[K [01;36m[Knote: [m[Kâ€˜[01m[Kdouble* a[m[Kâ€™ previously declared here
[2.047s]   185 |       double t, double *d, double *v, [01;36m[Kdouble *a[m[K,
[2.048s]       |                                       [01;36m[K~~~~~~~~^[m[K
[2.048s] [01m[K/home/rhys/ws_snow/src/snow_con_rt/src/main.cpp:185:47:[m[K [01;35m[Kwarning: [m[Kunused parameter â€˜[01m[Ka[m[Kâ€™ [[01;35m[K]8;;https://gcc.gnu.org/onlinedocs/gcc/Warning-Options.html#index-Wunused-parameter-Wunused-parameter]8;;[m[K]
[4.082s] gmake[2]: *** [CMakeFiles/listener.dir/build.make:76: CMakeFiles/listener.dir/src/main.cpp.o] Error 1
[4.082s] gmake[1]: *** [CMakeFiles/Makefile2:137: CMakeFiles/listener.dir/all] Error 2
[4.082s] gmake: *** [Makefile:134: all] Error 2
[4.085s] Invoked command in '/home/rhys/ws_snow/build/snow_con_rt' returned '2': CMAKE_PREFIX_PATH=/opt/ros/humble /usr/bin/cmake --build /home/rhys/ws_snow/build/snow_con_rt -- -j12 -l12
