[0.039s] Invoking command in '/home/rhys/ws_snow/build/snow_con_rt': CMAKE_PREFIX_PATH=${CMAKE_PREFIX_PATH}:/opt/ros/humble /usr/bin/cmake --build /home/rhys/ws_snow/build/snow_con_rt -- -j12 -l12
[0.102s] [ 20%] [32mBuilding CXX object CMakeFiles/listener.dir/src/main.cpp.o[0m
[2.850s] [01m[K/home/rhys/ws_snow/src/snow_con_rt/src/main.cpp:[m[K In member function â€˜[01m[Kbool MinimalSubscriber::moveToAPoint(double, double, double, double, double, double*, double*, double*, double*, double, bool, double*, double*, double*, double*, double*)[m[Kâ€™:
[2.851s] [01m[K/home/rhys/ws_snow/src/snow_con_rt/src/main.cpp:671:16:[m[K [01;35m[Kwarning: [m[Kunused variable â€˜[01m[Kquadrant[m[Kâ€™ [[01;35m[K]8;;https://gcc.gnu.org/onlinedocs/gcc/Warning-Options.html#index-Wunused-variable-Wunused-variable]8;;[m[K]
[2.851s]   671 |     static int [01;35m[Kquadrant[m[K = 0;
[2.851s]       |                [01;35m[K^~~~~~~~[m[K
[2.851s] [01m[K/home/rhys/ws_snow/src/snow_con_rt/src/main.cpp:672:17:[m[K [01;35m[Kwarning: [m[Kvariable â€˜[01m[KisComplete[m[Kâ€™ set but not used [[01;35m[K]8;;https://gcc.gnu.org/onlinedocs/gcc/Warning-Options.html#index-Wunused-but-set-variable-Wunused-but-set-variable]8;;[m[K]
[2.851s]   672 |     static bool [01;35m[KisComplete[m[K;
[2.851s]       |                 [01;35m[K^~~~~~~~~~[m[K
[2.861s] [01m[K/home/rhys/ws_snow/src/snow_con_rt/src/main.cpp:[m[K In member function â€˜[01m[Kvoid MinimalSubscriber::topic_callback(sensor_msgs::msg::JointState_<std::allocator<void> >::SharedPtr)[m[Kâ€™:
[2.861s] [01m[K/home/rhys/ws_snow/src/snow_con_rt/src/main.cpp:1231:18:[m[K [01;31m[Kerror: [m[Kâ€˜[01m[KSTEP9[m[Kâ€™ was not declared in this scope; did you mean â€˜[01m[KSTEP8[m[Kâ€™?
[2.861s]  1231 |         nState = [01;31m[KSTEP9[m[K; // next STEP
[2.861s]       |                  [01;31m[K^~~~~[m[K
[2.861s]       |                  [32m[KSTEP8[m[K
[2.866s] [01m[K/home/rhys/ws_snow/src/snow_con_rt/src/main.cpp:1240:10:[m[K [01;31m[Kerror: [m[Kâ€˜[01m[KSTEP9[m[Kâ€™ was not declared in this scope; did you mean â€˜[01m[KSTEP8[m[Kâ€™?
[2.867s]  1240 |     case [01;31m[KSTEP9[m[K:
[2.867s]       |          [01;31m[K^~~~~[m[K
[2.867s]       |          [32m[KSTEP8[m[K
[5.818s] gmake[2]: *** [CMakeFiles/listener.dir/build.make:76: CMakeFiles/listener.dir/src/main.cpp.o] Error 1
[5.819s] gmake[1]: *** [CMakeFiles/Makefile2:137: CMakeFiles/listener.dir/all] Error 2
[5.819s] gmake: *** [Makefile:134: all] Error 2
[5.822s] Invoked command in '/home/rhys/ws_snow/build/snow_con_rt' returned '2': CMAKE_PREFIX_PATH=${CMAKE_PREFIX_PATH}:/opt/ros/humble /usr/bin/cmake --build /home/rhys/ws_snow/build/snow_con_rt -- -j12 -l12
