[0.027s] Invoking command in '/home/rhys/ws_snow/build/snow_con_rt': CMAKE_PREFIX_PATH=${CMAKE_PREFIX_PATH}:/opt/ros/humble /usr/bin/cmake --build /home/rhys/ws_snow/build/snow_con_rt -- -j12 -l12
[0.066s] [35m[1mConsolidate compiler generated dependencies of target listener[0m
[0.081s] [ 20%] [32mBuilding CXX object CMakeFiles/listener.dir/src/main.cpp.o[0m
[1.919s] [01m[K/home/rhys/ws_snow/src/snow_con_rt/src/main.cpp:[m[K In member function â€˜[01m[Kbool MinimalSubscriber::moveToAPoint(double, double, double, double, double, double*, double*, double*, double*, double, bool, double*, double*, double*, double*, double*)[m[Kâ€™:
[1.919s] [01m[K/home/rhys/ws_snow/src/snow_con_rt/src/main.cpp:671:16:[m[K [01;35m[Kwarning: [m[Kunused variable â€˜[01m[Kquadrant[m[Kâ€™ [[01;35m[K]8;;https://gcc.gnu.org/onlinedocs/gcc/Warning-Options.html#index-Wunused-variable-Wunused-variable]8;;[m[K]
[1.919s]   671 |     static int [01;35m[Kquadrant[m[K = 0;
[1.920s]       |                [01;35m[K^~~~~~~~[m[K
[1.920s] [01m[K/home/rhys/ws_snow/src/snow_con_rt/src/main.cpp:672:17:[m[K [01;35m[Kwarning: [m[Kvariable â€˜[01m[KisComplete[m[Kâ€™ set but not used [[01;35m[K]8;;https://gcc.gnu.org/onlinedocs/gcc/Warning-Options.html#index-Wunused-but-set-variable-Wunused-but-set-variable]8;;[m[K]
[1.920s]   672 |     static bool [01;35m[KisComplete[m[K;
[1.920s]       |                 [01;35m[K^~~~~~~~~~[m[K
[1.927s] [01m[K/home/rhys/ws_snow/src/snow_con_rt/src/main.cpp:[m[K In member function â€˜[01m[Kvoid MinimalSubscriber::topic_callback(sensor_msgs::msg::JointState_<std::allocator<void> >::SharedPtr)[m[Kâ€™:
[1.927s] [01m[K/home/rhys/ws_snow/src/snow_con_rt/src/main.cpp:1296:10:[m[K [01;31m[Kerror: [m[Kâ€˜[01m[KSTEP12[m[Kâ€™ was not declared in this scope; did you mean â€˜[01m[KSTEP11[m[Kâ€™?
[1.927s]  1296 |     case [01;31m[KSTEP12[m[K:
[1.927s]       |          [01;31m[K^~~~~~[m[K
[1.927s]       |          [32m[KSTEP11[m[K
[1.927s] [01m[K/home/rhys/ws_snow/src/snow_con_rt/src/main.cpp:1006:12:[m[K [01;35m[Kwarning: [m[Kenumeration value â€˜[01m[KSTEP11[m[Kâ€™ not handled in switch [[01;35m[K]8;;https://gcc.gnu.org/onlinedocs/gcc/Warning-Options.html#index-Wswitch-Wswitch]8;;[m[K]
[1.927s]  1006 |     switch [01;35m[K([m[KpState)
[1.928s]       |            [01;35m[K^[m[K
[3.935s] gmake[2]: *** [CMakeFiles/listener.dir/build.make:76: CMakeFiles/listener.dir/src/main.cpp.o] Error 1
[3.935s] gmake[1]: *** [CMakeFiles/Makefile2:137: CMakeFiles/listener.dir/all] Error 2
[3.936s] gmake: *** [Makefile:134: all] Error 2
[3.939s] Invoked command in '/home/rhys/ws_snow/build/snow_con_rt' returned '2': CMAKE_PREFIX_PATH=${CMAKE_PREFIX_PATH}:/opt/ros/humble /usr/bin/cmake --build /home/rhys/ws_snow/build/snow_con_rt -- -j12 -l12
