[01m[K/home/rhys/ws_snow/src/snow_con_rt/src/main.cpp:[m[K In member function â€˜[01m[Kbool MinimalSubscriber::moveRobot(double*, double*, double*, double*, double, double*, double*, double, double*, double, double, bool)[m[Kâ€™:
[01m[K/home/rhys/ws_snow/src/snow_con_rt/src/main.cpp:644:9:[m[K [01;31m[Kerror: [m[Kâ€˜[01m[Kd0[m[Kâ€™ was not declared in this scope; did you mean â€˜[01m[Ky0[m[Kâ€™?
  644 |         [01;31m[Kd0[m[K[i] = d[i] = pWheel[i]; // set initial / start position
      |         [01;31m[K^~[m[K
      |         [32m[Ky0[m[K
[01m[K/home/rhys/ws_snow/src/snow_con_rt/src/main.cpp:709:88:[m[K [01;31m[Kerror: [m[Kâ€˜[01m[Kd0[m[Kâ€™ was not declared in this scope; did you mean â€˜[01m[Ky0[m[Kâ€™?
  709 |       printf("%d=%.3f , %.3f\t", i, adjustedTargetPosition[i], s[i] * targetPosition + [01;31m[Kd0[m[K[i]);
      |                                                                                        [01;31m[K^~[m[K
      |                                                                                        [32m[Ky0[m[K
[01m[K/home/rhys/ws_snow/src/snow_con_rt/src/main.cpp:[m[K In member function â€˜[01m[Kbool MinimalSubscriber::moveToAPoint(double, double, double, double, double, double*, double*, double*, double*, double, bool, double*, double*, double*, double*, double*)[m[Kâ€™:
[01m[K/home/rhys/ws_snow/src/snow_con_rt/src/main.cpp:726:16:[m[K [01;35m[Kwarning: [m[Kunused variable â€˜[01m[Kquadrant[m[Kâ€™ [[01;35m[K]8;;https://gcc.gnu.org/onlinedocs/gcc/Warning-Options.html#index-Wunused-variable-Wunused-variable]8;;[m[K]
  726 |     static int [01;35m[Kquadrant[m[K = 0;
      |                [01;35m[K^~~~~~~~[m[K
gmake[2]: *** [CMakeFiles/listener.dir/build.make:76: CMakeFiles/listener.dir/src/main.cpp.o] Error 1
gmake[1]: *** [CMakeFiles/Makefile2:137: CMakeFiles/listener.dir/all] Error 2
gmake: *** [Makefile:134: all] Error 2
