[0.028s] Invoking command in '/home/rhys/ws_snow/build/snow_con_rt': CMAKE_PREFIX_PATH=${CMAKE_PREFIX_PATH}:/opt/ros/humble /usr/bin/cmake --build /home/rhys/ws_snow/build/snow_con_rt -- -j12 -l12
[0.070s] [ 20%] [32mBuilding CXX object CMakeFiles/listener.dir/src/main.cpp.o[0m
[1.950s] [01m[K/home/rhys/ws_snow/src/snow_con_rt/src/main.cpp:[m[K In member function â€˜[01m[Kbool MinimalSubscriber::moveRobot(double*, double*, double*, double*, double, double*, double*, double, double*, double, double, bool)[m[Kâ€™:
[1.950s] [01m[K/home/rhys/ws_snow/src/snow_con_rt/src/main.cpp:644:9:[m[K [01;31m[Kerror: [m[Kâ€˜[01m[Kd0[m[Kâ€™ was not declared in this scope; did you mean â€˜[01m[Ky0[m[Kâ€™?
[1.950s]   644 |         [01;31m[Kd0[m[K[i] = d[i] = pWheel[i]; // set initial / start position
[1.950s]       |         [01;31m[K^~[m[K
[1.950s]       |         [32m[Ky0[m[K
[1.954s] [01m[K/home/rhys/ws_snow/src/snow_con_rt/src/main.cpp:709:88:[m[K [01;31m[Kerror: [m[Kâ€˜[01m[Kd0[m[Kâ€™ was not declared in this scope; did you mean â€˜[01m[Ky0[m[Kâ€™?
[1.954s]   709 |       printf("%d=%.3f , %.3f\t", i, adjustedTargetPosition[i], s[i] * targetPosition + [01;31m[Kd0[m[K[i]);
[1.954s]       |                                                                                        [01;31m[K^~[m[K
[1.954s]       |                                                                                        [32m[Ky0[m[K
[1.954s] [01m[K/home/rhys/ws_snow/src/snow_con_rt/src/main.cpp:[m[K In member function â€˜[01m[Kbool MinimalSubscriber::moveToAPoint(double, double, double, double, double, double*, double*, double*, double*, double, bool, double*, double*, double*, double*, double*)[m[Kâ€™:
[1.955s] [01m[K/home/rhys/ws_snow/src/snow_con_rt/src/main.cpp:726:16:[m[K [01;35m[Kwarning: [m[Kunused variable â€˜[01m[Kquadrant[m[Kâ€™ [[01;35m[K]8;;https://gcc.gnu.org/onlinedocs/gcc/Warning-Options.html#index-Wunused-variable-Wunused-variable]8;;[m[K]
[1.955s]   726 |     static int [01;35m[Kquadrant[m[K = 0;
[1.955s]       |                [01;35m[K^~~~~~~~[m[K
[3.993s] gmake[2]: *** [CMakeFiles/listener.dir/build.make:76: CMakeFiles/listener.dir/src/main.cpp.o] Error 1
[3.993s] gmake[1]: *** [CMakeFiles/Makefile2:137: CMakeFiles/listener.dir/all] Error 2
[3.993s] gmake: *** [Makefile:134: all] Error 2
[3.996s] Invoked command in '/home/rhys/ws_snow/build/snow_con_rt' returned '2': CMAKE_PREFIX_PATH=${CMAKE_PREFIX_PATH}:/opt/ros/humble /usr/bin/cmake --build /home/rhys/ws_snow/build/snow_con_rt -- -j12 -l12
