[0.028s] Invoking command in '/home/rhys/ws_snow/build/snow_con_rt': CMAKE_PREFIX_PATH=${CMAKE_PREFIX_PATH}:/opt/ros/humble /usr/bin/cmake --build /home/rhys/ws_snow/build/snow_con_rt -- -j12 -l12
[0.059s] [35m[1mConsolidate compiler generated dependencies of target listener[0m
[0.074s] [ 20%] [32mBuilding CXX object CMakeFiles/listener.dir/src/main.cpp.o[0m
[1.826s] [01m[K/home/rhys/ws_snow/src/snow_con_rt/src/main.cpp:1421:2:[m[K [01;31m[Kerror: [m[Kexpected â€˜[01m[K}[m[Kâ€™ at end of input
[1.826s]  1421 | }
[1.826s]       |  [01;31m[K^[m[K
[1.826s] [01m[K/home/rhys/ws_snow/src/snow_con_rt/src/main.cpp:40:1:[m[K [01;36m[Knote: [m[Kto match this â€˜[01m[K{[m[Kâ€™
[1.826s]    40 | [01;36m[K{[m[K
[1.826s]       | [01;36m[K^[m[K
[1.841s] [01m[K/home/rhys/ws_snow/src/snow_con_rt/src/main.cpp:[m[K In constructor â€˜[01m[KMinimalSubscriber::MinimalSubscriber()[m[Kâ€™:
[1.841s] [01m[K/home/rhys/ws_snow/src/snow_con_rt/src/main.cpp:52:5:[m[K [01;31m[Kerror: [m[Kâ€˜[01m[Ksubscription_[m[Kâ€™ was not declared in this scope; did you mean â€˜[01m[Krmw_subscription_t[m[Kâ€™?
[1.841s]    52 |     [01;31m[Ksubscription_[m[K = this->create_subscription<sensor_msgs::msg::JointState>("/joint_states", 10, std::bind(&MinimalSubscriber::topic_callback, this, _1));
[1.841s]       |     [01;31m[K^~~~~~~~~~~~~[m[K
[1.841s]       |     [32m[Krmw_subscription_t[m[K
[1.841s] [01m[K/home/rhys/ws_snow/src/snow_con_rt/src/main.cpp:52:128:[m[K [01;31m[Kerror: [m[Kâ€˜[01m[Ktopic_callback[m[Kâ€™ is not a member of â€˜[01m[KMinimalSubscriber[m[Kâ€™
[1.842s]    52 | ntState>("/joint_states", 10, std::bind(&MinimalSubscriber::[01;31m[Ktopic_callback[m[K, this, _1));
[1.842s]       |                                                             [01;31m[K^~~~~~~~~~~~~~[m[K
[1.842s] 
[1.846s] [01m[K/home/rhys/ws_snow/src/snow_con_rt/src/main.cpp:55:5:[m[K [01;31m[Kerror: [m[Kâ€˜[01m[Kpublisher_[m[Kâ€™ was not declared in this scope; did you mean â€˜[01m[Krmw_publisher_t[m[Kâ€™?
[1.846s]    55 |     [01;31m[Kpublisher_[m[K = this->create_publisher<std_msgs::msg::Float64MultiArray>("/effort_controllers/commands", 10);
[1.846s]       |     [01;31m[K^~~~~~~~~~[m[K
[1.847s]       |     [32m[Krmw_publisher_t[m[K
[1.855s] [01m[K/home/rhys/ws_snow/src/snow_con_rt/src/main.cpp:[m[K In member function â€˜[01m[Kbool MinimalSubscriber::moveToAPoint(double, double, double, double, double, double*, double*, double*, double*, double, bool, double*, double*, double*, double*, double*)[m[Kâ€™:
[1.856s] [01m[K/home/rhys/ws_snow/src/snow_con_rt/src/main.cpp:849:19:[m[K [01;31m[Kerror: [m[Kunable to find numeric literal operator â€˜[01m[Koperator""o[m[Kâ€™
[1.856s]   849 |         *ki = 0.1;[01;31m[K3o[m[K move robot
[1.856s]       |                   [01;31m[K^~[m[K
[1.856s] [01m[K/home/rhys/ws_snow/src/snow_con_rt/src/main.cpp:908:1:[m[K [01;31m[Kerror: [m[Kexpected primary-expression before â€˜[01m[Kprivate[m[Kâ€™
[1.856s]   908 | [01;31m[Kprivate[m[K:
[1.856s]       | [01;31m[K^~~~~~~[m[K
[1.888s] [01m[K/home/rhys/ws_snow/src/snow_con_rt/src/main.cpp:671:16:[m[K [01;35m[Kwarning: [m[Kunused variable â€˜[01m[Kquadrant[m[Kâ€™ [[01;35m[K]8;;https://gcc.gnu.org/onlinedocs/gcc/Warning-Options.html#index-Wunused-variable-Wunused-variable]8;;[m[K]
[1.888s]   671 |     static int [01;35m[Kquadrant[m[K = 0;
[1.888s]       |                [01;35m[K^~~~~~~~[m[K
[1.888s] [01m[K/home/rhys/ws_snow/src/snow_con_rt/src/main.cpp:687:9:[m[K [01;35m[Kwarning: [m[Kunused variable â€˜[01m[Ki[m[Kâ€™ [[01;35m[K]8;;https://gcc.gnu.org/onlinedocs/gcc/Warning-Options.html#index-Wunused-variable-Wunused-variable]8;;[m[K]
[1.888s]   687 |     int [01;35m[Ki[m[K;
[1.888s]       |         [01;35m[K^[m[K
[1.891s] [01m[K/home/rhys/ws_snow/src/snow_con_rt/src/main.cpp:[m[K At global scope:
[1.891s] [01m[K/home/rhys/ws_snow/src/snow_con_rt/src/main.cpp:1421:2:[m[K [01;31m[Kerror: [m[Kexpected unqualified-id at end of input
[1.891s]  1421 | }
[1.891s]       |  [01;31m[K^[m[K
[2.385s] gmake[2]: *** [CMakeFiles/listener.dir/build.make:76: CMakeFiles/listener.dir/src/main.cpp.o] Error 1
[2.386s] gmake[1]: *** [CMakeFiles/Makefile2:137: CMakeFiles/listener.dir/all] Error 2
[2.386s] gmake: *** [Makefile:134: all] Error 2
[2.388s] Invoked command in '/home/rhys/ws_snow/build/snow_con_rt' returned '2': CMAKE_PREFIX_PATH=${CMAKE_PREFIX_PATH}:/opt/ros/humble /usr/bin/cmake --build /home/rhys/ws_snow/build/snow_con_rt -- -j12 -l12
