[0.039s] Invoking command in '/home/rhys/ws_snow/build/snow_con_rt': CMAKE_PREFIX_PATH=${CMAKE_PREFIX_PATH}:/opt/ros/humble /usr/bin/cmake --build /home/rhys/ws_snow/build/snow_con_rt -- -j12 -l12
[0.098s] [35m[1mConsolidate compiler generated dependencies of target listener[0m
[0.122s] [ 20%] [32mBuilding CXX object CMakeFiles/listener.dir/src/main.cpp.o[0m
[3.053s] [01m[K/home/rhys/ws_snow/src/snow_con_rt/src/main.cpp:[m[K In member function â€˜[01m[Kbool MinimalSubscriber::moveMecanumWheel(double*, double*, double, double*, double*, double*, double, double)[m[Kâ€™:
[3.053s] [01m[K/home/rhys/ws_snow/src/snow_con_rt/src/main.cpp:152:16:[m[K [01;35m[Kwarning: [m[Kvariable â€˜[01m[KinitBrake[m[Kâ€™ set but not used [[01;35m[K]8;;https://gcc.gnu.org/onlinedocs/gcc/Warning-Options.html#index-Wunused-but-set-variable-Wunused-but-set-variable]8;;[m[K]
[3.053s]   152 |     static int [01;35m[KinitBrake[m[K = 1;
[3.053s]       |                [01;35m[K^~~~~~~~~[m[K
[3.053s] [01m[K/home/rhys/ws_snow/src/snow_con_rt/src/main.cpp:145:15:[m[K [01;35m[Kwarning: [m[Kunused parameter â€˜[01m[KvArm[m[Kâ€™ [[01;35m[K]8;;https://gcc.gnu.org/onlinedocs/gcc/Warning-Options.html#index-Wunused-parameter-Wunused-parameter]8;;[m[K]
[3.053s]   145 |       [01;35m[Kdouble *vArm[m[K, double targetPosition,
[3.054s]       |       [01;35m[K~~~~~~~~^~~~[m[K
[3.064s] [01m[K/home/rhys/ws_snow/src/snow_con_rt/src/main.cpp:[m[K In member function â€˜[01m[Kvoid MinimalSubscriber::topic_callback(sensor_msgs::msg::JointState_<std::allocator<void> >::SharedPtr)[m[Kâ€™:
[3.064s] [01m[K/home/rhys/ws_snow/src/snow_con_rt/src/main.cpp:269:5:[m[K [01;31m[Kerror: [m[Kâ€˜[01m[Keso0[m[Kâ€™ was not declared in this scope
[3.064s]   269 |     [01;31m[Keso0[m[K.predict(pArm[0], 0, uWheel[0]);
[3.064s]       |     [01;31m[K^~~~[m[K
[3.070s] [01m[K/home/rhys/ws_snow/src/snow_con_rt/src/main.cpp:270:5:[m[K [01;31m[Kerror: [m[Kâ€˜[01m[Keso1[m[Kâ€™ was not declared in this scope
[3.070s]   270 |     [01;31m[Keso1[m[K.predict(pArm[1], 0, uWheel[1]);
[3.070s]       |     [01;31m[K^~~~[m[K
[3.075s] [01m[K/home/rhys/ws_snow/src/snow_con_rt/src/main.cpp:271:5:[m[K [01;31m[Kerror: [m[Kâ€˜[01m[Keso2[m[Kâ€™ was not declared in this scope
[3.075s]   271 |     [01;31m[Keso2[m[K.predict(pArm[2], 0, uWheel[2]);
[3.075s]       |     [01;31m[K^~~~[m[K
[3.081s] [01m[K/home/rhys/ws_snow/src/snow_con_rt/src/main.cpp:272:5:[m[K [01;31m[Kerror: [m[Kâ€˜[01m[Keso3[m[Kâ€™ was not declared in this scope
[3.082s]   272 |     [01;31m[Keso3[m[K.predict(pArm[3], 0, uWheel[3]);
[3.082s]       |     [01;31m[K^~~~[m[K
[3.082s] [01m[K/home/rhys/ws_snow/src/snow_con_rt/src/main.cpp:315:26:[m[K [01;35m[Kwarning: [m[Kfor increment expression has no effect [[01;35m[K]8;;https://gcc.gnu.org/onlinedocs/gcc/Warning-Options.html#index-Wunused-value-Wunused-value]8;;[m[K]
[3.082s]   315 |       for (i = 0; i++; [01;35m[Ki < 4[m[K)
[3.082s]       |                        [01;35m[K~~^~~[m[K
[3.088s] [01m[K/home/rhys/ws_snow/src/snow_con_rt/src/main.cpp:325:18:[m[K [01;31m[Kerror: [m[Kâ€˜[01m[KSTEP3[m[Kâ€™ was not declared in this scope; did you mean â€˜[01m[KSTEP1[m[Kâ€™?
[3.089s]   325 |         nState = [01;31m[KSTEP3[m[K;
[3.089s]       |                  [01;31m[K^~~~~[m[K
[3.089s]       |                  [32m[KSTEP1[m[K
[3.089s] [01m[K/home/rhys/ws_snow/src/snow_con_rt/src/main.cpp:346:27:[m[K [01;31m[Kerror: [m[Kno matching function for call to â€˜[01m[KMinimalSubscriber::moveMecanumWheel(double [4], double [4], double&, double [4], double [4], double&, double&)[m[Kâ€™
[3.089s]   346 |       if ([01;31m[KmoveMecanumWheel(s, u, t, d, pWheel, targetPosition, targetVelocity)[m[K)
[3.089s]       |           [01;31m[K~~~~~~~~~~~~~~~~^~~~~~~~~~~~~~~~~~~~~~~~~~~~~~~~~~~~~~~~~~~~~~~~~~~~[m[K
[3.089s] [01m[K/home/rhys/ws_snow/src/snow_con_rt/src/main.cpp:142:8:[m[K [01;36m[Knote: [m[Kcandidate: â€˜[01m[Kbool MinimalSubscriber::moveMecanumWheel(double*, double*, double, double*, double*, double*, double, double)[m[Kâ€™
[3.089s]   142 |   bool [01;36m[KmoveMecanumWheel[m[K(
[3.089s]       |        [01;36m[K^~~~~~~~~~~~~~~~[m[K
[3.089s] [01m[K/home/rhys/ws_snow/src/snow_con_rt/src/main.cpp:142:8:[m[K [01;36m[Knote: [m[K  candidate expects 8 arguments, 7 provided
[3.095s] [01m[K/home/rhys/ws_snow/src/snow_con_rt/src/main.cpp:354:10:[m[K [01;31m[Kerror: [m[Kâ€˜[01m[KWAIT[m[Kâ€™ was not declared in this scope
[3.096s]   354 |     case [01;31m[KWAIT[m[K:
[3.096s]       |          [01;31m[K^~~~[m[K
[3.103s] [01m[K/home/rhys/ws_snow/src/snow_con_rt/src/main.cpp:356:11:[m[K [01;31m[Kerror: [m[Kâ€˜[01m[KwaitTime[m[Kâ€™ was not declared in this scope
[3.103s]   356 |       if ([01;31m[KwaitTime[m[K(t, 1.0))
[3.103s]       |           [01;31m[K^~~~~~~~[m[K
[3.110s] [01m[K/home/rhys/ws_snow/src/snow_con_rt/src/main.cpp:371:16:[m[K [01;31m[Kerror: [m[Kâ€˜[01m[KWAIT[m[Kâ€™ was not declared in this scope
[3.110s]   371 |       pState = [01;31m[KWAIT[m[K;
[3.110s]       |                [01;31m[K^~~~[m[K
[3.116s] [01m[K/home/rhys/ws_snow/src/snow_con_rt/src/main.cpp:381:34:[m[K [01;31m[Kerror: [m[Kâ€˜[01m[Kdt[m[Kâ€™ was not declared in this scope; did you mean â€˜[01m[Kde[m[Kâ€™?
[3.116s]   381 |       inte[i] = inte[i] + e[i] * [01;31m[Kdt[m[K;
[3.116s]       |                                  [01;31m[K^~[m[K
[3.116s]       |                                  [32m[Kde[m[K
[3.117s] [01m[K/home/rhys/ws_snow/src/snow_con_rt/src/main.cpp:221:19:[m[K [01;35m[Kwarning: [m[Kunused variable â€˜[01m[KnStateSign[m[Kâ€™ [[01;35m[K]8;;https://gcc.gnu.org/onlinedocs/gcc/Warning-Options.html#index-Wunused-variable-Wunused-variable]8;;[m[K]
[3.117s]   221 |     static double [01;35m[KnStateSign[m[K[4];
[3.117s]       |                   [01;35m[K^~~~~~~~~~[m[K
[3.117s] [01m[K/home/rhys/ws_snow/src/snow_con_rt/src/main.cpp:223:19:[m[K [01;35m[Kwarning: [m[Kunused variable â€˜[01m[KtargetTime[m[Kâ€™ [[01;35m[K]8;;https://gcc.gnu.org/onlinedocs/gcc/Warning-Options.html#index-Wunused-variable-Wunused-variable]8;;[m[K]
[3.117s]   223 |     static double [01;35m[KtargetTime[m[K;
[3.117s]       |                   [01;35m[K^~~~~~~~~~[m[K
[3.117s] [01m[K/home/rhys/ws_snow/src/snow_con_rt/src/main.cpp:229:19:[m[K [01;35m[Kwarning: [m[Kunused variable â€˜[01m[Kv[m[Kâ€™ [[01;35m[K]8;;https://gcc.gnu.org/onlinedocs/gcc/Warning-Options.html#index-Wunused-variable-Wunused-variable]8;;[m[K]
[3.117s]   229 |     static double [01;35m[Kv[m[K[4];
[3.117s]       |                   [01;35m[K^[m[K
[3.117s] [01m[K/home/rhys/ws_snow/src/snow_con_rt/src/main.cpp:231:19:[m[K [01;35m[Kwarning: [m[Kunused variable â€˜[01m[Ka[m[Kâ€™ [[01;35m[K]8;;https://gcc.gnu.org/onlinedocs/gcc/Warning-Options.html#index-Wunused-variable-Wunused-variable]8;;[m[K]
[3.117s]   231 |     static double [01;35m[Ka[m[K[4];
[3.117s]       |                   [01;35m[K^[m[K
[5.765s] gmake[2]: *** [CMakeFiles/listener.dir/build.make:76: CMakeFiles/listener.dir/src/main.cpp.o] Error 1
[5.765s] gmake[1]: *** [CMakeFiles/Makefile2:137: CMakeFiles/listener.dir/all] Error 2
[5.765s] gmake: *** [Makefile:134: all] Error 2
[5.768s] Invoked command in '/home/rhys/ws_snow/build/snow_con_rt' returned '2': CMAKE_PREFIX_PATH=${CMAKE_PREFIX_PATH}:/opt/ros/humble /usr/bin/cmake --build /home/rhys/ws_snow/build/snow_con_rt -- -j12 -l12
