[35m[1mConsolidate compiler generated dependencies of target listener[0m
[ 20%] [32mBuilding CXX object CMakeFiles/listener.dir/src/main.cpp.o[0m
[01m[K/home/rhys/ws_snow/src/snow_con_rt/src/main.cpp:[m[K In member function â€˜[01m[Kvoid MinimalSubscriber::topic_callback(sensor_msgs::msg::JointState_<std::allocator<void> >::SharedPtr)[m[Kâ€™:
[01m[K/home/rhys/ws_snow/src/snow_con_rt/src/main.cpp:881:15:[m[K [01;31m[Kerror: [m[Kâ€˜[01m[KpGain[m[Kâ€™ was not declared in this scope
  881 |       u[0] = -[01;31m[KpGain[m[K * (pArm[0] - d[0]) - vGain * (vArm[0] - v[0]);
      |               [01;31m[K^~~~~[m[K
[01m[K/home/rhys/ws_snow/src/snow_con_rt/src/main.cpp:881:42:[m[K [01;31m[Kerror: [m[Kâ€˜[01m[KvGain[m[Kâ€™ was not declared in this scope
  881 |       u[0] = -pGain * (pArm[0] - d[0]) - [01;31m[KvGain[m[K * (vArm[0] - v[0]);
      |                                          [01;31m[K^~~~~[m[K
[01m[K/home/rhys/ws_snow/src/snow_con_rt/src/main.cpp:915:22:[m[K [01;31m[Kerror: [m[Kâ€˜[01m[Kkp[m[Kâ€™ was not declared in this scope
  915 |         uWheel[i] = -[01;31m[Kkp[m[K * (e[i]) - ki * inte[i] - 0.0 * de[i];
      |                      [01;31m[K^~[m[K
[01m[K/home/rhys/ws_snow/src/snow_con_rt/src/main.cpp:915:36:[m[K [01;31m[Kerror: [m[Kâ€˜[01m[Kki[m[Kâ€™ was not declared in this scope; did you mean â€˜[01m[Ki[m[Kâ€™?
  915 |         uWheel[i] = -kp * (e[i]) - [01;31m[Kki[m[K * inte[i] - 0.0 * de[i];
      |                                    [01;31m[K^~[m[K
      |                                    [32m[Ki[m[K
[01m[K/home/rhys/ws_snow/src/snow_con_rt/src/main.cpp:506:19:[m[K [01;35m[Kwarning: [m[Kunused variable â€˜[01m[KtAngle[m[Kâ€™ [[01;35m[K]8;;https://gcc.gnu.org/onlinedocs/gcc/Warning-Options.html#index-Wunused-variable-Wunused-variable]8;;[m[K]
  506 |     static double [01;35m[KtAngle[m[K[4];
      |                   [01;35m[K^~~~~~[m[K
gmake[2]: *** [CMakeFiles/listener.dir/build.make:76: CMakeFiles/listener.dir/src/main.cpp.o] Error 1
gmake[1]: *** [CMakeFiles/Makefile2:137: CMakeFiles/listener.dir/all] Error 2
gmake: *** [Makefile:134: all] Error 2
