[0.029s] Invoking command in '/home/rhys/ws_snow/build/snow_con_rt': CMAKE_PREFIX_PATH=${CMAKE_PREFIX_PATH}:/opt/ros/humble /usr/bin/cmake --build /home/rhys/ws_snow/build/snow_con_rt -- -j12 -l12
[0.063s] [35m[1mConsolidate compiler generated dependencies of target listener[0m
[0.079s] [ 20%] [32mBuilding CXX object CMakeFiles/listener.dir/src/main.cpp.o[0m
[1.918s] [01m[K/home/rhys/ws_snow/src/snow_con_rt/src/main.cpp:[m[K In member function â€˜[01m[Kbool MinimalSubscriber::moveRobot(double*, double*, double*, double*, double, double*, double*, double, double*, double, double, bool)[m[Kâ€™:
[1.918s] [01m[K/home/rhys/ws_snow/src/snow_con_rt/src/main.cpp:344:9:[m[K [01;31m[Kerror: [m[Kâ€˜[01m[Kbrake[m[Kâ€™ was not declared in this scope; did you mean â€˜[01m[Kbrk[m[Kâ€™?
[1.918s]   344 |         [01;31m[Kbrake[m[K[i] = 0;
[1.918s]       |         [01;31m[K^~~~~[m[K
[1.918s]       |         [32m[Kbrk[m[K
[3.946s] gmake[2]: *** [CMakeFiles/listener.dir/build.make:76: CMakeFiles/listener.dir/src/main.cpp.o] Error 1
[3.947s] gmake[1]: *** [CMakeFiles/Makefile2:137: CMakeFiles/listener.dir/all] Error 2
[3.947s] gmake: *** [Makefile:134: all] Error 2
[3.950s] Invoked command in '/home/rhys/ws_snow/build/snow_con_rt' returned '2': CMAKE_PREFIX_PATH=${CMAKE_PREFIX_PATH}:/opt/ros/humble /usr/bin/cmake --build /home/rhys/ws_snow/build/snow_con_rt -- -j12 -l12
