[35m[1mConsolidate compiler generated dependencies of target listener[0m
[ 20%] [32mBuilding CXX object CMakeFiles/listener.dir/src/main.cpp.o[0m
[01m[K/home/rhys/ws_snow/src/snow_con_rt/src/main.cpp:[m[K In member function â€˜[01m[Kbool MinimalSubscriber::moveMecanumWheel(double*, double*, double, double*, double*, double, double)[m[Kâ€™:
[01m[K/home/rhys/ws_snow/src/snow_con_rt/src/main.cpp:152:16:[m[K [01;35m[Kwarning: [m[Kvariable â€˜[01m[KinitBrake[m[Kâ€™ set but not used [[01;35m[K]8;;https://gcc.gnu.org/onlinedocs/gcc/Warning-Options.html#index-Wunused-but-set-variable-Wunused-but-set-variable]8;;[m[K]
  152 |     static int [01;35m[KinitBrake[m[K = 1;
      |                [01;35m[K^~~~~~~~~[m[K
[01m[K/home/rhys/ws_snow/src/snow_con_rt/src/main.cpp:[m[K In member function â€˜[01m[Kvoid MinimalSubscriber::topic_callback(sensor_msgs::msg::JointState_<std::allocator<void> >::SharedPtr)[m[Kâ€™:
[01m[K/home/rhys/ws_snow/src/snow_con_rt/src/main.cpp:310:26:[m[K [01;35m[Kwarning: [m[Kfor increment expression has no effect [[01;35m[K]8;;https://gcc.gnu.org/onlinedocs/gcc/Warning-Options.html#index-Wunused-value-Wunused-value]8;;[m[K]
  310 |       for (i = 0; i++; [01;35m[Ki < 4[m[K)
      |                        [01;35m[K~~^~~[m[K
[01m[K/home/rhys/ws_snow/src/snow_con_rt/src/main.cpp:349:10:[m[K [01;31m[Kerror: [m[Kâ€˜[01m[KWAIT[m[Kâ€™ was not declared in this scope
  349 |     case [01;31m[KWAIT[m[K:
      |          [01;31m[K^~~~[m[K
[01m[K/home/rhys/ws_snow/src/snow_con_rt/src/main.cpp:351:11:[m[K [01;31m[Kerror: [m[Kâ€˜[01m[KwaitTime[m[Kâ€™ was not declared in this scope
  351 |       if ([01;31m[KwaitTime[m[K(t, 1.0))
      |           [01;31m[K^~~~~~~~[m[K
[01m[K/home/rhys/ws_snow/src/snow_con_rt/src/main.cpp:366:16:[m[K [01;31m[Kerror: [m[Kâ€˜[01m[KWAIT[m[Kâ€™ was not declared in this scope
  366 |       pState = [01;31m[KWAIT[m[K;
      |                [01;31m[K^~~~[m[K
[01m[K/home/rhys/ws_snow/src/snow_con_rt/src/main.cpp:376:34:[m[K [01;31m[Kerror: [m[Kâ€˜[01m[Kdt[m[Kâ€™ was not declared in this scope; did you mean â€˜[01m[Kde[m[Kâ€™?
  376 |       inte[i] = inte[i] + e[i] * [01;31m[Kdt[m[K;
      |                                  [01;31m[K^~[m[K
      |                                  [32m[Kde[m[K
[01m[K/home/rhys/ws_snow/src/snow_con_rt/src/main.cpp:221:19:[m[K [01;35m[Kwarning: [m[Kunused variable â€˜[01m[KnStateSign[m[Kâ€™ [[01;35m[K]8;;https://gcc.gnu.org/onlinedocs/gcc/Warning-Options.html#index-Wunused-variable-Wunused-variable]8;;[m[K]
  221 |     static double [01;35m[KnStateSign[m[K[4];
      |                   [01;35m[K^~~~~~~~~~[m[K
[01m[K/home/rhys/ws_snow/src/snow_con_rt/src/main.cpp:223:19:[m[K [01;35m[Kwarning: [m[Kunused variable â€˜[01m[KtargetTime[m[Kâ€™ [[01;35m[K]8;;https://gcc.gnu.org/onlinedocs/gcc/Warning-Options.html#index-Wunused-variable-Wunused-variable]8;;[m[K]
  223 |     static double [01;35m[KtargetTime[m[K;
      |                   [01;35m[K^~~~~~~~~~[m[K
[01m[K/home/rhys/ws_snow/src/snow_con_rt/src/main.cpp:229:19:[m[K [01;35m[Kwarning: [m[Kunused variable â€˜[01m[Kv[m[Kâ€™ [[01;35m[K]8;;https://gcc.gnu.org/onlinedocs/gcc/Warning-Options.html#index-Wunused-variable-Wunused-variable]8;;[m[K]
  229 |     static double [01;35m[Kv[m[K[4];
      |                   [01;35m[K^[m[K
[01m[K/home/rhys/ws_snow/src/snow_con_rt/src/main.cpp:231:19:[m[K [01;35m[Kwarning: [m[Kunused variable â€˜[01m[Ka[m[Kâ€™ [[01;35m[K]8;;https://gcc.gnu.org/onlinedocs/gcc/Warning-Options.html#index-Wunused-variable-Wunused-variable]8;;[m[K]
  231 |     static double [01;35m[Ka[m[K[4];
      |                   [01;35m[K^[m[K
gmake[2]: *** [CMakeFiles/listener.dir/build.make:76: CMakeFiles/listener.dir/src/main.cpp.o] Error 1
gmake[1]: *** [CMakeFiles/Makefile2:137: CMakeFiles/listener.dir/all] Error 2
gmake: *** [Makefile:134: all] Error 2
