[0.027s] Invoking command in '/home/rhys/ws_snow/build/snow_con_rt': CMAKE_PREFIX_PATH=${CMAKE_PREFIX_PATH}:/opt/ros/humble /usr/bin/cmake --build /home/rhys/ws_snow/build/snow_con_rt -- -j12 -l12
[0.060s] [35m[1mConsolidate compiler generated dependencies of target listener[0m
[0.076s] [ 20%] [32mBuilding CXX object CMakeFiles/listener.dir/src/main.cpp.o[0m
[1.971s] [01m[K/home/rhys/ws_snow/src/snow_con_rt/src/main.cpp:[m[K In member function â€˜[01m[Kvoid MinimalSubscriber::topic_callback(sensor_msgs::msg::JointState_<std::allocator<void> >::SharedPtr)[m[Kâ€™:
[1.971s] [01m[K/home/rhys/ws_snow/src/snow_con_rt/src/main.cpp:195:25:[m[K [01;35m[Kwarning: [m[KISO C++ forbids variable length array â€˜[01m[KvCoast[m[Kâ€™ [[01;35m[K]8;;https://gcc.gnu.org/onlinedocs/gcc/Warning-Options.html#index-Wvla-Wvla]8;;[m[K]
[1.972s]   195 |     static double v[4], [01;35m[KvCoast[m[K[i];
[1.972s]       |                         [01;35m[K^~~~~~[m[K
[1.972s] [01m[K/home/rhys/ws_snow/src/snow_con_rt/src/main.cpp:195:25:[m[K [01;31m[Kerror: [m[Kstorage size of â€˜[01m[KvCoast[m[Kâ€™ isnâ€™t constant
[1.972s] [01m[K/home/rhys/ws_snow/src/snow_con_rt/src/main.cpp:372:9:[m[K [01;31m[Kerror: [m[Kexpected â€˜[01m[K;[m[Kâ€™ before â€˜[01m[K}[m[Kâ€™ token
[1.972s]   372 |         [01;31m[K}[m[K
[1.973s]       |         [01;31m[K^[m[K
[1.973s] [01m[K/home/rhys/ws_snow/src/snow_con_rt/src/main.cpp:370:28:[m[K [01;35m[Kwarning: [m[Kstatement has no effect [[01;35m[K]8;;https://gcc.gnu.org/onlinedocs/gcc/Warning-Options.html#index-Wunused-value-Wunused-value]8;;[m[K]
[1.973s]   370 |           d[i] += v[i]*dt; [01;35m[Ki[m[K
[1.973s]       |                            [01;35m[K^[m[K
[1.988s] [01m[K/home/rhys/ws_snow/src/snow_con_rt/src/main.cpp:530:20:[m[K [01;31m[Kerror: [m[Kâ€˜[01m[KtargetVelocity[m[Kâ€™ was not declared in this scope
[1.988s]   530 |             v[i] = [01;31m[KtargetVelocity[m[K;
[1.988s]       |                    [01;31m[K^~~~~~~~~~~~~~[m[K
[1.989s] [01m[K/home/rhys/ws_snow/src/snow_con_rt/src/main.cpp:182:15:[m[K [01;35m[Kwarning: [m[Kunused variable â€˜[01m[KcurrentTime[m[Kâ€™ [[01;35m[K]8;;https://gcc.gnu.org/onlinedocs/gcc/Warning-Options.html#index-Wunused-variable-Wunused-variable]8;;[m[K]
[1.989s]   182 |     double t, [01;35m[KcurrentTime[m[K;
[1.989s]       |               [01;35m[K^~~~~~~~~~~[m[K
[4.040s] gmake[2]: *** [CMakeFiles/listener.dir/build.make:76: CMakeFiles/listener.dir/src/main.cpp.o] Error 1
[4.040s] gmake[1]: *** [CMakeFiles/Makefile2:137: CMakeFiles/listener.dir/all] Error 2
[4.040s] gmake: *** [Makefile:134: all] Error 2
[4.044s] Invoked command in '/home/rhys/ws_snow/build/snow_con_rt' returned '2': CMAKE_PREFIX_PATH=${CMAKE_PREFIX_PATH}:/opt/ros/humble /usr/bin/cmake --build /home/rhys/ws_snow/build/snow_con_rt -- -j12 -l12
