[0.027s] Invoking command in '/home/rhys/ws_snow/build/snow_con_rt': CMAKE_PREFIX_PATH=${CMAKE_PREFIX_PATH}:/opt/ros/humble /usr/bin/cmake --build /home/rhys/ws_snow/build/snow_con_rt -- -j12 -l12
[0.072s] [35m[1mConsolidate compiler generated dependencies of target listener[0m
[0.088s] [ 20%] [32mBuilding CXX object CMakeFiles/listener.dir/src/main.cpp.o[0m
[2.187s] [01m[K/home/rhys/ws_snow/src/snow_con_rt/src/main.cpp:[m[K In member function â€˜[01m[Kbool MinimalSubscriber::swivel(double*, double*, double, double*, double*, double*, double, double, bool, double*)[m[Kâ€™:
[2.187s] [01m[K/home/rhys/ws_snow/src/snow_con_rt/src/main.cpp:358:35:[m[K [01;31m[Kerror: [m[Kâ€˜[01m[Kangle[m[Kâ€™ was not declared in this scope
[2.187s]   358 |         uArm[i] = -3 * (pArm[i] - [01;31m[Kangle[m[K[i] * targetAngle) - 4.3 * (vArm[i] - 0);
[2.187s]       |                                   [01;31m[K^~~~~[m[K
[2.191s] [01m[K/home/rhys/ws_snow/src/snow_con_rt/src/main.cpp:358:68:[m[K [01;31m[Kerror: [m[Kâ€˜[01m[KvArm[m[Kâ€™ was not declared in this scope; did you mean â€˜[01m[KpArm[m[Kâ€™?
[2.191s]   358 |         uArm[i] = -3 * (pArm[i] - angle[i] * targetAngle) - 4.3 * ([01;31m[KvArm[m[K[i] - 0);
[2.191s]       |                                                                    [01;31m[K^~~~[m[K
[2.191s]       |                                                                    [32m[KpArm[m[K
[2.195s] [01m[K/home/rhys/ws_snow/src/snow_con_rt/src/main.cpp:[m[K In member function â€˜[01m[Kvoid MinimalSubscriber::topic_callback(sensor_msgs::msg::JointState_<std::allocator<void> >::SharedPtr)[m[Kâ€™:
[2.196s] [01m[K/home/rhys/ws_snow/src/snow_con_rt/src/main.cpp:576:12:[m[K [01;35m[Kwarning: [m[Kenumeration value â€˜[01m[KSTEP7[m[Kâ€™ not handled in switch [[01;35m[K]8;;https://gcc.gnu.org/onlinedocs/gcc/Warning-Options.html#index-Wswitch-Wswitch]8;;[m[K]
[2.196s]   576 |     switch [01;35m[K([m[KpState)
[2.196s]       |            [01;35m[K^[m[K
[2.196s] [01m[K/home/rhys/ws_snow/src/snow_con_rt/src/main.cpp:576:12:[m[K [01;35m[Kwarning: [m[Kenumeration value â€˜[01m[KSTEP8[m[Kâ€™ not handled in switch [[01;35m[K]8;;https://gcc.gnu.org/onlinedocs/gcc/Warning-Options.html#index-Wswitch-Wswitch]8;;[m[K]
[2.196s] [01m[K/home/rhys/ws_snow/src/snow_con_rt/src/main.cpp:576:12:[m[K [01;35m[Kwarning: [m[Kenumeration value â€˜[01m[KSTEP9[m[Kâ€™ not handled in switch [[01;35m[K]8;;https://gcc.gnu.org/onlinedocs/gcc/Warning-Options.html#index-Wswitch-Wswitch]8;;[m[K]
[4.539s] gmake[2]: *** [CMakeFiles/listener.dir/build.make:76: CMakeFiles/listener.dir/src/main.cpp.o] Error 1
[4.539s] gmake[1]: *** [CMakeFiles/Makefile2:137: CMakeFiles/listener.dir/all] Error 2
[4.540s] gmake: *** [Makefile:134: all] Error 2
[4.544s] Invoked command in '/home/rhys/ws_snow/build/snow_con_rt' returned '2': CMAKE_PREFIX_PATH=${CMAKE_PREFIX_PATH}:/opt/ros/humble /usr/bin/cmake --build /home/rhys/ws_snow/build/snow_con_rt -- -j12 -l12
